<?xml version="1.0" encoding="UTF-8"?>
<testsuite xmlns:xsi="http://www.w3.org/2001/XMLSchema-instance" xsi:noNamespaceSchemaLocation="https://maven.apache.org/surefire/maven-surefire-plugin/xsd/surefire-test-report-3.0.xsd" version="3.0" name="com.example.ItemResourceTest" time="2.765" tests="4" errors="0" skipped="0" failures="0">
  <properties>
[...]
</properties>
  <testcase name="testGetAllItemsEndpoint" classname="com.example.ItemResourceTest" time="0.691">
    <system-err><![CDATA[Aug 05, 2025 9:18:13 PM org.jboss.logmanager.JBossLoggerFinder getLogger
ERROR: The LogManager accessed before the "java.util.logging.manager" system property was set to "org.jboss.logmanager.LogManager". Results may be unexpected.
Aug 05, 2025 9:18:14 PM org.hibernate.jpa.internal.util.LogHelper logPersistenceUnitInformation
INFO: HHH000204: Processing PersistenceUnitInfo [name: <default>]
Aug 05, 2025 9:18:14 PM org.hibernate.Version logVersion
INFO: HHH000412: Hibernate ORM core version 6.6.11.Final
Aug 05, 2025 9:18:14 PM org.hibernate.engine.jdbc.env.internal.JdbcEnvironmentInitiator initiateService
INFO: HHH10001005: Database info:
	Database JDBC URL [undefined/unknown]
	Database driver: undefined/unknown
	Database version: 2.3.230
	Autocommit mode: undefined/unknown
	Isolation level: <unknown>
	Minimum pool size: undefined/unknown
	Maximum pool size: undefined/unknown
Aug 05, 2025 9:18:14 PM io.quarkus.runtime.configuration.ConfigDiagnostic unknown
WARN: Unrecognized configuration key "quarkus.container-image.build" was provided; it will be ignored; verify that the dependency extension for this configuration is set or that you did not make a typo
Aug 05, 2025 9:18:15 PM io.quarkus.bootstrap.runner.Timing printStartupTime
INFO: demo-quarkus 1.0.0-SNAPSHOT on JVM (powered by Quarkus 3.21.1) started in 1.694s. Listening on: http://localhost:8081
Aug 05, 2025 9:18:15 PM io.quarkus.bootstrap.runner.Timing printStartupTime
INFO: Profile test activated. 
Aug 05, 2025 9:18:15 PM io.quarkus.bootstrap.runner.Timing printStartupTime
INFO: Installed features: [agroal, cdi, hibernate-orm, hibernate-orm-panache, jdbc-h2, micrometer, narayana-jta, rest, rest-jackson, smallrye-context-propagation, smallrye-openapi, swagger-ui, vertx]
]]></system-err>
  </testcase>
  <testcase name="testCreateItemEndpoint" classname="com.example.ItemResourceTest" time="0.058"/>
  <testcase name="testGetItemByIdEndpoint" classname="com.example.ItemResourceTest" time="0.022"/>
  <testcase name="testDeleteItemEndpoint" classname="com.example.ItemResourceTest" time="0.028"/>
</testsuite>